<?xml version="1.0" encoding="UTF-8"?>
<testsuite xmlns:xsi="http://www.w3.org/2001/XMLSchema-instance" xsi:noNamespaceSchemaLocation="https://maven.apache.org/surefire/maven-surefire-plugin/xsd/surefire-test-report.xsd" version="3.0.2" name="com.example.moneymanager.MoneymanagerApplicationTests" time="21.929" tests="1" errors="0" skipped="0" failures="0">
  <properties>
[...]
</properties>
  <testcase name="contextLoads" classname="com.example.moneymanager.MoneymanagerApplicationTests" time="0.791">
    <system-out><![CDATA[05:17:07.979 [main] INFO org.springframework.test.context.support.AnnotationConfigContextLoaderUtils -- Could not detect default configuration classes for test class [com.example.moneymanager.MoneymanagerApplicationTests]: MoneymanagerApplicationTests does not declare any static, non-private, non-final, nested classes annotated with @Configuration.
05:17:08.146 [main] INFO org.springframework.boot.test.context.SpringBootTestContextBootstrapper -- Found @SpringBootConfiguration com.example.moneymanager.MoneymanagerApplication for test class com.example.moneymanager.MoneymanagerApplicationTests

  .   ____          _            __ _ _
 /\\ / ___'_ __ _ _(_)_ __  __ _ \ \ \ \
( ( )\___ | '_ | '_| | '_ \/ _` | \ \ \ \
 \\/  ___)| |_)| | | | | || (_| |  ) ) ) )
  '  |____| .__|_| |_|_| |_\__, | / / / /
 =========|_|==============|___/=/_/_/_/

 :: Spring Boot ::                (v4.0.1)

2026-01-28T05:17:09.242+05:30  INFO 1992 --- [moneymanager] [           main] c.e.m.MoneymanagerApplicationTests       : Starting MoneymanagerApplicationTests using Java 21.0.4 with PID 1992 (started by adith in C:\Users\MoneyManager\moneymanager)
2026-01-28T05:17:09.242+05:30  INFO 1992 --- [moneymanager] [           main] c.e.m.MoneymanagerApplicationTests       : The following 1 profile is active: "prod"
2026-01-28T05:17:09.394+05:30 DEBUG 1992 --- [moneymanager] [           main] o.s.w.c.s.GenericWebApplicationContext   : Refreshing org.springframework.web.context.support.GenericWebApplicationContext@72ee5d84
2026-01-28T05:17:11.598+05:30  INFO 1992 --- [moneymanager] [           main] .s.d.r.c.RepositoryConfigurationDelegate : Bootstrapping Spring Data JPA repositories in DEFAULT mode.
2026-01-28T05:17:11.806+05:30  INFO 1992 --- [moneymanager] [           main] .s.d.r.c.RepositoryConfigurationDelegate : Finished Spring Data repository scanning in 182 ms. Found 4 JPA repository interfaces.
2026-01-28T05:17:13.365+05:30  INFO 1992 --- [moneymanager] [           main] org.hibernate.orm.jpa                    : HHH008540: Processing PersistenceUnitInfo [name: default]
2026-01-28T05:17:13.528+05:30  INFO 1992 --- [moneymanager] [           main] org.hibernate.orm.core                   : HHH000001: Hibernate ORM core version 7.2.0.Final
2026-01-28T05:17:15.146+05:30  INFO 1992 --- [moneymanager] [           main] o.s.o.j.p.SpringPersistenceUnitInfo      : No LoadTimeWeaver setup: ignoring JPA class transformer
2026-01-28T05:17:15.249+05:30  INFO 1992 --- [moneymanager] [           main] com.zaxxer.hikari.HikariDataSource       : HikariPool-1 - Starting...
2026-01-28T05:17:17.307+05:30  INFO 1992 --- [moneymanager] [           main] com.zaxxer.hikari.pool.HikariPool        : HikariPool-1 - Added connection org.postgresql.jdbc.PgConnection@5d4a34ff
2026-01-28T05:17:17.312+05:30  INFO 1992 --- [moneymanager] [           main] com.zaxxer.hikari.HikariDataSource       : HikariPool-1 - Start completed.
2026-01-28T05:17:17.940+05:30  WARN 1992 --- [moneymanager] [           main] org.hibernate.orm.deprecation            : HHH90000025: PostgreSQLDialect does not need to be specified explicitly using 'hibernate.dialect' (remove the property setting and it will be selected by default)
2026-01-28T05:17:18.307+05:30  INFO 1992 --- [moneymanager] [           main] org.hibernate.orm.connections.pooling    : HHH10001005: Database info:
	Database JDBC URL [jdbc:postgresql://dpg-d5qreps9c44c73dsgfag-a.singapore-postgres.render.com/moneymanager_nj84]
	Database driver: PostgreSQL JDBC Driver
	Database dialect: PostgreSQLDialect
	Database version: 18.1
	Default catalog/schema: moneymanager_nj84/public
	Autocommit mode: undefined/unknown
	Isolation level: READ_COMMITTED [default READ_COMMITTED]
	JDBC fetch size: none
	Pool: DataSourceConnectionProvider
	Minimum pool size: undefined/unknown
	Maximum pool size: undefined/unknown
2026-01-28T05:17:21.611+05:30  INFO 1992 --- [moneymanager] [           main] org.hibernate.orm.core                   : HHH000489: No JTA platform available (set 'hibernate.transaction.jta.platform' to enable JTA platform integration)
2026-01-28T05:17:22.798+05:30  INFO 1992 --- [moneymanager] [           main] j.LocalContainerEntityManagerFactoryBean : Initialized JPA EntityManagerFactory for persistence unit 'default'
2026-01-28T05:17:23.067+05:30  INFO 1992 --- [moneymanager] [           main] o.s.d.j.r.query.QueryEnhancerFactories   : Hibernate is in classpath; If applicable, HQL parser will be used.
2026-01-28T05:17:26.077+05:30  WARN 1992 --- [moneymanager] [           main] JpaBaseConfiguration$JpaWebConfiguration : spring.jpa.open-in-view is enabled by default. Therefore, database queries may be performed during view rendering. Explicitly configure spring.jpa.open-in-view to disable this warning
2026-01-28T05:17:26.557+05:30  INFO 1992 --- [moneymanager] [           main] r$InitializeUserDetailsManagerConfigurer : Global AuthenticationManager configured with UserDetailsService bean with name appUserDetailService
2026-01-28T05:17:27.419+05:30 DEBUG 1992 --- [moneymanager] [           main] s.w.s.m.m.a.RequestMappingHandlerMapping : 18 mappings in 'requestMappingHandlerMapping'
2026-01-28T05:17:27.505+05:30 DEBUG 1992 --- [moneymanager] [           main] o.s.w.s.handler.SimpleUrlHandlerMapping  : Patterns [/webjars/**, /**] in 'resourceHandlerMapping'
2026-01-28T05:17:27.700+05:30 DEBUG 1992 --- [moneymanager] [           main] s.w.s.m.m.a.RequestMappingHandlerAdapter : ControllerAdvice beans: 0 @ModelAttribute, 0 @InitBinder, 1 RequestBodyAdvice, 1 ResponseBodyAdvice
2026-01-28T05:17:27.844+05:30 DEBUG 1992 --- [moneymanager] [           main] .m.m.a.ExceptionHandlerExceptionResolver : ControllerAdvice beans: 0 @ExceptionHandler, 1 ResponseBodyAdvice
2026-01-28T05:17:28.464+05:30  INFO 1992 --- [moneymanager] [           main] c.e.m.MoneymanagerApplicationTests       : Started MoneymanagerApplicationTests in 20.1 seconds (process running for 23.086)
]]></system-out>
    <system-err><![CDATA[Mockito is currently self-attaching to enable the inline-mock-maker. This will no longer work in future releases of the JDK. Please add Mockito as an agent to your build as described in Mockito's documentation: https://javadoc.io/doc/org.mockito/mockito-core/latest/org.mockito/org/mockito/Mockito.html#0.3
WARNING: A Java agent has been loaded dynamically (C:\Users\adith\.m2\repository\net\bytebuddy\byte-buddy-agent\1.17.8\byte-buddy-agent-1.17.8.jar)
WARNING: If a serviceability tool is in use, please run with -XX:+EnableDynamicAgentLoading to hide this warning
WARNING: If a serviceability tool is not in use, please run with -Djdk.instrument.traceUsage for more information
WARNING: Dynamic loading of agents will be disallowed by default in a future release
]]></system-err>
  </testcase>
</testsuite>